{"/Users/alshdavid/Development/alshdavid/crayon/src/platform/check-types/array.ts": {"path":"/Users/alshdavid/Development/alshdavid/crayon/src/platform/check-types/array.ts","statementMap":{"0":{"start":{"line":1,"column":13},"end":{"line":9,"column":null}},"1":{"start":{"line":2,"column":4},"end":{"line":4,"column":null}},"2":{"start":{"line":3,"column":8},"end":{"line":3,"column":null}},"3":{"start":{"line":5,"column":4},"end":{"line":7,"column":null}},"4":{"start":{"line":6,"column":8},"end":{"line":6,"column":null}},"5":{"start":{"line":8,"column":4},"end":{"line":8,"column":null}}},"fnMap":{"0":{"name":"(anonymous_0)","decl":{"start":{"line":1,"column":23},"end":{"line":1,"column":24}},"loc":{"start":{"line":1,"column":60},"end":{"line":9,"column":1}}}},"branchMap":{"0":{"loc":{"start":{"line":2,"column":4},"end":{"line":4,"column":null}},"type":"if","locations":[{"start":{"line":2,"column":4},"end":{"line":4,"column":null}},{"start":{"line":2,"column":4},"end":{"line":4,"column":null}}]},"1":{"loc":{"start":{"line":5,"column":4},"end":{"line":7,"column":null}},"type":"if","locations":[{"start":{"line":5,"column":4},"end":{"line":7,"column":null}},{"start":{"line":5,"column":4},"end":{"line":7,"column":null}}]},"2":{"loc":{"start":{"line":8,"column":11},"end":{"line":8,"column":16}},"type":"binary-expr","locations":[{"start":{"line":8,"column":11},"end":{"line":8,"column":16}},{"start":{"line":8,"column":20},"end":{"line":8,"column":45}},{"start":{"line":8,"column":49},"end":{"line":8,"column":76}}]}},"s":{"0":1,"1":14,"2":2,"3":12,"4":1,"5":11},"f":{"0":14},"b":{"0":[2,12],"1":[1,11],"2":[11,11,3]}}
,"/Users/alshdavid/Development/alshdavid/crayon/src/platform/gen-string/gen-string.ts": {"path":"/Users/alshdavid/Development/alshdavid/crayon/src/platform/gen-string/gen-string.ts","statementMap":{"0":{"start":{"line":2,"column":27},"end":{"line":2,"column":29}},"1":{"start":{"line":3,"column":27},"end":{"line":3,"column":91}},"2":{"start":{"line":4,"column":27},"end":{"line":4,"column":44}},"3":{"start":{"line":5,"column":4},"end":{"line":7,"column":null}},"4":{"start":{"line":5,"column":18},"end":{"line":5,"column":19}},"5":{"start":{"line":6,"column":7},"end":{"line":6,"column":81}},"6":{"start":{"line":8,"column":4},"end":{"line":8,"column":18}},"7":{"start":{"line":1,"column":0},"end":{"line":1,"column":16}}},"fnMap":{"0":{"name":"ofLength","decl":{"start":{"line":1,"column":16},"end":{"line":1,"column":24}},"loc":{"start":{"line":1,"column":39},"end":{"line":9,"column":2}}}},"branchMap":{},"s":{"0":2,"1":2,"2":2,"3":2,"4":2,"5":10,"6":2,"7":1},"f":{"0":2},"b":{}}
,"/Users/alshdavid/Development/alshdavid/crayon/src/platform/mount/element.ts": {"path":"/Users/alshdavid/Development/alshdavid/crayon/src/platform/mount/element.ts","statementMap":{"0":{"start":{"line":1,"column":13},"end":{"line":4,"column":null}},"1":{"start":{"line":4,"column":5},"end":{"line":4,"column":79}},"2":{"start":{"line":6,"column":13},"end":{"line":9,"column":null}},"3":{"start":{"line":9,"column":5},"end":{"line":9,"column":82}},"4":{"start":{"line":11,"column":13},"end":{"line":13,"column":null}},"5":{"start":{"line":13,"column":5},"end":{"line":13,"column":46}},"6":{"start":{"line":15,"column":13},"end":{"line":25,"column":null}},"7":{"start":{"line":19,"column":4},"end":{"line":21,"column":null}},"8":{"start":{"line":20,"column":8},"end":{"line":20,"column":14}},"9":{"start":{"line":22,"column":4},"end":{"line":24,"column":null}},"10":{"start":{"line":23,"column":9},"end":{"line":23,"column":null}},"11":{"start":{"line":27,"column":13},"end":{"line":27,"column":null}},"12":{"start":{"line":27,"column":56},"end":{"line":27,"column":99}},"13":{"start":{"line":27,"column":72},"end":{"line":27,"column":98}},"14":{"start":{"line":29,"column":13},"end":{"line":44,"column":null}},"15":{"start":{"line":30,"column":21},"end":{"line":30,"column":75}},"16":{"start":{"line":33,"column":4},"end":{"line":38,"column":null}},"17":{"start":{"line":34,"column":8},"end":{"line":34,"column":null}},"18":{"start":{"line":36,"column":8},"end":{"line":36,"column":null}},"19":{"start":{"line":37,"column":8},"end":{"line":37,"column":null}},"20":{"start":{"line":39,"column":4},"end":{"line":43,"column":null}}},"fnMap":{"0":{"name":"(anonymous_0)","decl":{"start":{"line":1,"column":24},"end":{"line":1,"column":null}},"loc":{"start":{"line":4,"column":5},"end":{"line":4,"column":79}}},"1":{"name":"(anonymous_1)","decl":{"start":{"line":6,"column":27},"end":{"line":6,"column":null}},"loc":{"start":{"line":9,"column":5},"end":{"line":9,"column":82}}},"2":{"name":"(anonymous_2)","decl":{"start":{"line":11,"column":28},"end":{"line":11,"column":null}},"loc":{"start":{"line":13,"column":5},"end":{"line":13,"column":46}}},"3":{"name":"(anonymous_3)","decl":{"start":{"line":15,"column":25},"end":{"line":15,"column":null}},"loc":{"start":{"line":18,"column":4},"end":{"line":25,"column":1}}},"4":{"name":"(anonymous_4)","decl":{"start":{"line":27,"column":31},"end":{"line":27,"column":32}},"loc":{"start":{"line":27,"column":56},"end":{"line":27,"column":99}}},"5":{"name":"(anonymous_5)","decl":{"start":{"line":27,"column":66},"end":{"line":27,"column":68}},"loc":{"start":{"line":27,"column":72},"end":{"line":27,"column":98}}},"6":{"name":"(anonymous_6)","decl":{"start":{"line":29,"column":26},"end":{"line":29,"column":27}},"loc":{"start":{"line":29,"column":47},"end":{"line":44,"column":1}}}},"branchMap":{"0":{"loc":{"start":{"line":4,"column":5},"end":{"line":4,"column":9}},"type":"binary-expr","locations":[{"start":{"line":4,"column":5},"end":{"line":4,"column":9}},{"start":{"line":4,"column":13},"end":{"line":4,"column":15}},{"start":{"line":4,"column":19},"end":{"line":4,"column":31}},{"start":{"line":4,"column":35},"end":{"line":4,"column":51}},{"start":{"line":4,"column":56},"end":{"line":4,"column":78}}]},"1":{"loc":{"start":{"line":9,"column":5},"end":{"line":9,"column":9}},"type":"binary-expr","locations":[{"start":{"line":9,"column":5},"end":{"line":9,"column":9}},{"start":{"line":9,"column":13},"end":{"line":9,"column":15}},{"start":{"line":9,"column":19},"end":{"line":9,"column":31}},{"start":{"line":9,"column":35},"end":{"line":9,"column":51}},{"start":{"line":9,"column":56},"end":{"line":9,"column":81}}]},"2":{"loc":{"start":{"line":13,"column":5},"end":{"line":13,"column":7}},"type":"binary-expr","locations":[{"start":{"line":13,"column":5},"end":{"line":13,"column":7}},{"start":{"line":13,"column":11},"end":{"line":13,"column":23}},{"start":{"line":13,"column":28},"end":{"line":13,"column":45}}]},"3":{"loc":{"start":{"line":19,"column":4},"end":{"line":21,"column":null}},"type":"if","locations":[{"start":{"line":19,"column":4},"end":{"line":21,"column":null}},{"start":{"line":19,"column":4},"end":{"line":21,"column":null}}]},"4":{"loc":{"start":{"line":19,"column":8},"end":{"line":19,"column":15}},"type":"binary-expr","locations":[{"start":{"line":19,"column":8},"end":{"line":19,"column":15}},{"start":{"line":19,"column":19},"end":{"line":19,"column":22}}]},"5":{"loc":{"start":{"line":33,"column":4},"end":{"line":38,"column":null}},"type":"if","locations":[{"start":{"line":33,"column":4},"end":{"line":38,"column":null}},{"start":{"line":33,"column":4},"end":{"line":38,"column":null}}]}},"s":{"0":0,"1":0,"2":0,"3":0,"4":0,"5":0,"6":0,"7":0,"8":0,"9":0,"10":0,"11":0,"12":0,"13":0,"14":0,"15":0,"16":0,"17":0,"18":0,"19":0,"20":0},"f":{"0":0,"1":0,"2":0,"3":0,"4":0,"5":0,"6":0},"b":{"0":[0,0,0,0,0],"1":[0,0,0,0,0],"2":[0,0,0],"3":[0,0],"4":[0,0],"5":[0,0]}}
,"/Users/alshdavid/Development/alshdavid/crayon/src/platform/mount/mount.ts": {"path":"/Users/alshdavid/Development/alshdavid/crayon/src/platform/mount/mount.ts","statementMap":{"0":{"start":{"line":1,"column":0},"end":{"line":1,"column":31}},"1":{"start":{"line":2,"column":0},"end":{"line":2,"column":104}},"2":{"start":{"line":12,"column":13},"end":{"line":78,"column":null}},"3":{"start":{"line":17,"column":4},"end":{"line":78,"column":null}},"4":{"start":{"line":19,"column":17},"end":{"line":19,"column":31}},"5":{"start":{"line":20,"column":19},"end":{"line":20,"column":39}},"6":{"start":{"line":21,"column":26},"end":{"line":21,"column":74}},"7":{"start":{"line":24,"column":4},"end":{"line":24,"column":null}},"8":{"start":{"line":27,"column":34},"end":{"line":27,"column":62}},"9":{"start":{"line":30,"column":4},"end":{"line":35,"column":null}},"10":{"start":{"line":31,"column":8},"end":{"line":31,"column":null}},"11":{"start":{"line":32,"column":8},"end":{"line":32,"column":null}},"12":{"start":{"line":33,"column":8},"end":{"line":33,"column":null}},"13":{"start":{"line":34,"column":8},"end":{"line":34,"column":null}},"14":{"start":{"line":39,"column":4},"end":{"line":53,"column":null}},"15":{"start":{"line":40,"column":8},"end":{"line":43,"column":null}},"16":{"start":{"line":41,"column":12},"end":{"line":41,"column":null}},"17":{"start":{"line":42,"column":12},"end":{"line":42,"column":null}},"18":{"start":{"line":44,"column":8},"end":{"line":44,"column":null}},"19":{"start":{"line":45,"column":8},"end":{"line":45,"column":null}},"20":{"start":{"line":46,"column":8},"end":{"line":46,"column":null}},"21":{"start":{"line":47,"column":8},"end":{"line":52,"column":null}},"22":{"start":{"line":48,"column":12},"end":{"line":48,"column":null}},"23":{"start":{"line":49,"column":12},"end":{"line":49,"column":null}},"24":{"start":{"line":50,"column":12},"end":{"line":50,"column":null}},"25":{"start":{"line":51,"column":12},"end":{"line":51,"column":null}},"26":{"start":{"line":56,"column":4},"end":{"line":59,"column":null}},"27":{"start":{"line":57,"column":8},"end":{"line":57,"column":null}},"28":{"start":{"line":58,"column":8},"end":{"line":58,"column":null}},"29":{"start":{"line":62,"column":4},"end":{"line":62,"column":null}},"30":{"start":{"line":63,"column":4},"end":{"line":63,"column":null}},"31":{"start":{"line":64,"column":4},"end":{"line":64,"column":null}},"32":{"start":{"line":65,"column":4},"end":{"line":65,"column":null}},"33":{"start":{"line":66,"column":4},"end":{"line":66,"column":null}},"34":{"start":{"line":67,"column":4},"end":{"line":67,"column":null}},"35":{"start":{"line":68,"column":4},"end":{"line":68,"column":null}},"36":{"start":{"line":69,"column":4},"end":{"line":69,"column":null}},"37":{"start":{"line":72,"column":4},"end":{"line":77,"column":null}},"38":{"start":{"line":73,"column":8},"end":{"line":73,"column":null}},"39":{"start":{"line":74,"column":8},"end":{"line":74,"column":null}},"40":{"start":{"line":75,"column":8},"end":{"line":75,"column":null}},"41":{"start":{"line":76,"column":8},"end":{"line":76,"column":null}},"42":{"start":{"line":81,"column":23},"end":{"line":90,"column":2}},"43":{"start":{"line":81,"column":42},"end":{"line":90,"column":2}},"44":{"start":{"line":92,"column":21},"end":{"line":106,"column":1}},"45":{"start":{"line":97,"column":4},"end":{"line":104,"column":null}},"46":{"start":{"line":103,"column":8},"end":{"line":103,"column":null}},"47":{"start":{"line":105,"column":4},"end":{"line":105,"column":null}}},"fnMap":{"0":{"name":"(anonymous_6)","decl":{"start":{"line":12,"column":21},"end":{"line":12,"column":null}},"loc":{"start":{"line":17,"column":4},"end":{"line":78,"column":null}}},"1":{"name":"(anonymous_7)","decl":{"start":{"line":17,"column":4},"end":{"line":17,"column":null}},"loc":{"start":{"line":17,"column":4},"end":{"line":78,"column":1}}},"2":{"name":"(anonymous_8)","decl":{"start":{"line":47,"column":18},"end":{"line":47,"column":21}},"loc":{"start":{"line":47,"column":23},"end":{"line":52,"column":9}}},"3":{"name":"(anonymous_9)","decl":{"start":{"line":72,"column":14},"end":{"line":72,"column":17}},"loc":{"start":{"line":72,"column":19},"end":{"line":77,"column":5}}},"4":{"name":"(anonymous_10)","decl":{"start":{"line":81,"column":23},"end":{"line":81,"column":24}},"loc":{"start":{"line":81,"column":42},"end":{"line":90,"column":2}}},"5":{"name":"(anonymous_11)","decl":{"start":{"line":92,"column":21},"end":{"line":92,"column":null}},"loc":{"start":{"line":96,"column":4},"end":{"line":106,"column":1}}}},"branchMap":{"0":{"loc":{"start":{"line":30,"column":4},"end":{"line":35,"column":null}},"type":"if","locations":[{"start":{"line":30,"column":4},"end":{"line":35,"column":null}},{"start":{"line":30,"column":4},"end":{"line":35,"column":null}}]},"1":{"loc":{"start":{"line":39,"column":4},"end":{"line":53,"column":null}},"type":"if","locations":[{"start":{"line":39,"column":4},"end":{"line":53,"column":null}},{"start":{"line":39,"column":4},"end":{"line":53,"column":null}}]},"2":{"loc":{"start":{"line":40,"column":8},"end":{"line":43,"column":null}},"type":"if","locations":[{"start":{"line":40,"column":8},"end":{"line":43,"column":null}},{"start":{"line":40,"column":8},"end":{"line":43,"column":null}}]},"3":{"loc":{"start":{"line":56,"column":4},"end":{"line":59,"column":null}},"type":"if","locations":[{"start":{"line":56,"column":4},"end":{"line":59,"column":null}},{"start":{"line":56,"column":4},"end":{"line":59,"column":null}}]},"4":{"loc":{"start":{"line":97,"column":4},"end":{"line":104,"column":null}},"type":"if","locations":[{"start":{"line":97,"column":4},"end":{"line":104,"column":null}},{"start":{"line":97,"column":4},"end":{"line":104,"column":null}}]},"5":{"loc":{"start":{"line":98,"column":8},"end":{"line":98,"column":13}},"type":"binary-expr","locations":[{"start":{"line":98,"column":8},"end":{"line":98,"column":13}},{"start":{"line":99,"column":8},"end":{"line":99,"column":17}},{"start":{"line":100,"column":8},"end":{"line":100,"column":28}},{"start":{"line":101,"column":8},"end":{"line":101,"column":22}}]}},"s":{"0":0,"1":0,"2":0,"3":0,"4":0,"5":0,"6":0,"7":0,"8":0,"9":0,"10":0,"11":0,"12":0,"13":0,"14":0,"15":0,"16":0,"17":0,"18":0,"19":0,"20":0,"21":0,"22":0,"23":0,"24":0,"25":0,"26":0,"27":0,"28":0,"29":0,"30":0,"31":0,"32":0,"33":0,"34":0,"35":0,"36":0,"37":0,"38":0,"39":0,"40":0,"41":0,"42":0,"43":0,"44":0,"45":0,"46":0,"47":0},"f":{"0":0,"1":0,"2":0,"3":0,"4":0,"5":0},"b":{"0":[0,0],"1":[0,0],"2":[0,0],"3":[0,0],"4":[0,0],"5":[0,0,0,0]}}
,"/Users/alshdavid/Development/alshdavid/crayon/src/platform/mount/timeout.ts": {"path":"/Users/alshdavid/Development/alshdavid/crayon/src/platform/mount/timeout.ts","statementMap":{"0":{"start":{"line":1,"column":13},"end":{"line":9,"column":null}},"1":{"start":{"line":4,"column":17},"end":{"line":8,"column":null}},"2":{"start":{"line":5,"column":4},"end":{"line":8,"column":16}},"3":{"start":{"line":6,"column":20},"end":{"line":6,"column":30}},"4":{"start":{"line":7,"column":8},"end":{"line":7,"column":null}}},"fnMap":{"0":{"name":"(anonymous_0)","decl":{"start":{"line":1,"column":18},"end":{"line":1,"column":null}},"loc":{"start":{"line":4,"column":17},"end":{"line":8,"column":null}}},"1":{"name":"(anonymous_1)","decl":{"start":{"line":4,"column":29},"end":{"line":4,"column":32}},"loc":{"start":{"line":5,"column":4},"end":{"line":8,"column":16}}},"2":{"name":"(anonymous_2)","decl":{"start":{"line":5,"column":15},"end":{"line":5,"column":18}},"loc":{"start":{"line":5,"column":20},"end":{"line":8,"column":5}}}},"branchMap":{"0":{"loc":{"start":{"line":3,"column":23},"end":{"line":3,"column":24}},"type":"default-arg","locations":[{"start":{"line":3,"column":23},"end":{"line":3,"column":24}}]}},"s":{"0":0,"1":0,"2":0,"3":0,"4":0},"f":{"0":0,"1":0,"2":0},"b":{"0":[0]}}
,"/Users/alshdavid/Development/alshdavid/crayon/src/platform/observe/subject.ts": {"path":"/Users/alshdavid/Development/alshdavid/crayon/src/platform/observe/subject.ts","statementMap":{"0":{"start":{"line":1,"column":0},"end":{"line":1,"column":42}},"1":{"start":{"line":14,"column":13},"end":{"line":35,"column":null}},"2":{"start":{"line":15,"column":53},"end":{"line":15,"column":55}},"3":{"start":{"line":17,"column":22},"end":{"line":23,"column":5}},"4":{"start":{"line":18,"column":18},"end":{"line":18,"column":39}},"5":{"start":{"line":19,"column":6},"end":{"line":19,"column":null}},"6":{"start":{"line":20,"column":6},"end":{"line":22,"column":null}},"7":{"start":{"line":21,"column":27},"end":{"line":21,"column":50}},"8":{"start":{"line":25,"column":17},"end":{"line":29,"column":5}},"9":{"start":{"line":26,"column":6},"end":{"line":28,"column":null}},"10":{"start":{"line":27,"column":8},"end":{"line":27,"column":null}},"11":{"start":{"line":31,"column":4},"end":{"line":34,"column":null}}},"fnMap":{"0":{"name":"(anonymous_1)","decl":{"start":{"line":14,"column":29},"end":{"line":14,"column":53}},"loc":{"start":{"line":14,"column":55},"end":{"line":35,"column":1}}},"1":{"name":"(anonymous_2)","decl":{"start":{"line":17,"column":22},"end":{"line":17,"column":23}},"loc":{"start":{"line":17,"column":56},"end":{"line":23,"column":5}}},"2":{"name":"(anonymous_3)","decl":{"start":{"line":21,"column":21},"end":{"line":21,"column":24}},"loc":{"start":{"line":21,"column":27},"end":{"line":21,"column":50}}},"3":{"name":"(anonymous_4)","decl":{"start":{"line":25,"column":17},"end":{"line":25,"column":18}},"loc":{"start":{"line":25,"column":30},"end":{"line":29,"column":5}}}},"branchMap":{},"s":{"0":1,"1":1,"2":2,"3":2,"4":2,"5":2,"6":2,"7":2,"8":2,"9":2,"10":1,"11":2},"f":{"0":2,"1":2,"2":2,"3":2},"b":{}}
,"/Users/alshdavid/Development/alshdavid/crayon/src/platform/url/url.ts": {"path":"/Users/alshdavid/Development/alshdavid/crayon/src/platform/url/url.ts","statementMap":{"0":{"start":{"line":1,"column":13},"end":{"line":9,"column":null}},"1":{"start":{"line":2,"column":4},"end":{"line":4,"column":null}},"2":{"start":{"line":3,"column":8},"end":{"line":3,"column":null}},"3":{"start":{"line":5,"column":4},"end":{"line":7,"column":null}},"4":{"start":{"line":6,"column":8},"end":{"line":6,"column":null}},"5":{"start":{"line":8,"column":4},"end":{"line":8,"column":null}},"6":{"start":{"line":12,"column":13},"end":{"line":17,"column":null}},"7":{"start":{"line":13,"column":4},"end":{"line":15,"column":null}},"8":{"start":{"line":14,"column":8},"end":{"line":14,"column":48}},"9":{"start":{"line":16,"column":4},"end":{"line":16,"column":16}},"10":{"start":{"line":19,"column":13},"end":{"line":24,"column":null}},"11":{"start":{"line":20,"column":4},"end":{"line":22,"column":null}},"12":{"start":{"line":21,"column":8},"end":{"line":21,"column":null}},"13":{"start":{"line":23,"column":4},"end":{"line":23,"column":null}},"14":{"start":{"line":33,"column":13},"end":{"line":59,"column":null}},"15":{"start":{"line":37,"column":4},"end":{"line":37,"column":null}},"16":{"start":{"line":38,"column":4},"end":{"line":38,"column":null}},"17":{"start":{"line":39,"column":43},"end":{"line":39,"column":45}},"18":{"start":{"line":40,"column":19},"end":{"line":40,"column":37}},"19":{"start":{"line":41,"column":17},"end":{"line":41,"column":36}},"20":{"start":{"line":42,"column":4},"end":{"line":44,"column":null}},"21":{"start":{"line":43,"column":8},"end":{"line":43,"column":14}},"22":{"start":{"line":45,"column":4},"end":{"line":57,"column":null}},"23":{"start":{"line":46,"column":8},"end":{"line":50,"column":null}},"24":{"start":{"line":47,"column":30},"end":{"line":47,"column":48}},"25":{"start":{"line":48,"column":12},"end":{"line":48,"column":null}},"26":{"start":{"line":49,"column":12},"end":{"line":49,"column":20}},"27":{"start":{"line":51,"column":8},"end":{"line":53,"column":null}},"28":{"start":{"line":52,"column":10},"end":{"line":52,"column":null}},"29":{"start":{"line":54,"column":8},"end":{"line":56,"column":null}},"30":{"start":{"line":55,"column":12},"end":{"line":55,"column":18}},"31":{"start":{"line":58,"column":4},"end":{"line":58,"column":null}},"32":{"start":{"line":65,"column":13},"end":{"line":79,"column":null}},"33":{"start":{"line":66,"column":4},"end":{"line":68,"column":null}},"34":{"start":{"line":67,"column":8},"end":{"line":67,"column":null}},"35":{"start":{"line":69,"column":16},"end":{"line":69,"column":41}},"36":{"start":{"line":70,"column":22},"end":{"line":70,"column":24}},"37":{"start":{"line":71,"column":4},"end":{"line":77,"column":null}},"38":{"start":{"line":72,"column":24},"end":{"line":72,"column":39}},"39":{"start":{"line":73,"column":8},"end":{"line":75,"column":null}},"40":{"start":{"line":74,"column":12},"end":{"line":74,"column":20}},"41":{"start":{"line":76,"column":8},"end":{"line":76,"column":null}},"42":{"start":{"line":78,"column":4},"end":{"line":78,"column":null}}},"fnMap":{"0":{"name":"(anonymous_0)","decl":{"start":{"line":1,"column":25},"end":{"line":1,"column":26}},"loc":{"start":{"line":1,"column":43},"end":{"line":9,"column":1}}},"1":{"name":"(anonymous_1)","decl":{"start":{"line":12,"column":35},"end":{"line":12,"column":36}},"loc":{"start":{"line":12,"column":52},"end":{"line":17,"column":1}}},"2":{"name":"(anonymous_2)","decl":{"start":{"line":19,"column":32},"end":{"line":19,"column":33}},"loc":{"start":{"line":19,"column":49},"end":{"line":24,"column":1}}},"3":{"name":"(anonymous_3)","decl":{"start":{"line":33,"column":25},"end":{"line":33,"column":null}},"loc":{"start":{"line":36,"column":40},"end":{"line":59,"column":1}}},"4":{"name":"(anonymous_4)","decl":{"start":{"line":65,"column":32},"end":{"line":65,"column":33}},"loc":{"start":{"line":65,"column":55},"end":{"line":79,"column":1}}}},"branchMap":{"0":{"loc":{"start":{"line":2,"column":4},"end":{"line":4,"column":null}},"type":"if","locations":[{"start":{"line":2,"column":4},"end":{"line":4,"column":null}},{"start":{"line":2,"column":4},"end":{"line":4,"column":null}}]},"1":{"loc":{"start":{"line":2,"column":8},"end":{"line":2,"column":13}},"type":"binary-expr","locations":[{"start":{"line":2,"column":8},"end":{"line":2,"column":13}},{"start":{"line":2,"column":17},"end":{"line":2,"column":29}}]},"2":{"loc":{"start":{"line":5,"column":4},"end":{"line":7,"column":null}},"type":"if","locations":[{"start":{"line":5,"column":4},"end":{"line":7,"column":null}},{"start":{"line":5,"column":4},"end":{"line":7,"column":null}}]},"3":{"loc":{"start":{"line":13,"column":4},"end":{"line":15,"column":null}},"type":"if","locations":[{"start":{"line":13,"column":4},"end":{"line":15,"column":null}},{"start":{"line":13,"column":4},"end":{"line":15,"column":null}}]},"4":{"loc":{"start":{"line":20,"column":4},"end":{"line":22,"column":null}},"type":"if","locations":[{"start":{"line":20,"column":4},"end":{"line":22,"column":null}},{"start":{"line":20,"column":4},"end":{"line":22,"column":null}}]},"5":{"loc":{"start":{"line":42,"column":4},"end":{"line":44,"column":null}},"type":"if","locations":[{"start":{"line":42,"column":4},"end":{"line":44,"column":null}},{"start":{"line":42,"column":4},"end":{"line":44,"column":null}}]},"6":{"loc":{"start":{"line":42,"column":8},"end":{"line":42,"column":37}},"type":"binary-expr","locations":[{"start":{"line":42,"column":8},"end":{"line":42,"column":37}},{"start":{"line":42,"column":41},"end":{"line":42,"column":64}}]},"7":{"loc":{"start":{"line":46,"column":8},"end":{"line":50,"column":null}},"type":"if","locations":[{"start":{"line":46,"column":8},"end":{"line":50,"column":null}},{"start":{"line":46,"column":8},"end":{"line":50,"column":null}}]},"8":{"loc":{"start":{"line":46,"column":12},"end":{"line":46,"column":37}},"type":"binary-expr","locations":[{"start":{"line":46,"column":12},"end":{"line":46,"column":37}},{"start":{"line":46,"column":41},"end":{"line":46,"column":57}}]},"9":{"loc":{"start":{"line":51,"column":8},"end":{"line":53,"column":null}},"type":"if","locations":[{"start":{"line":51,"column":8},"end":{"line":53,"column":null}},{"start":{"line":51,"column":8},"end":{"line":53,"column":null}}]},"10":{"loc":{"start":{"line":54,"column":8},"end":{"line":56,"column":null}},"type":"if","locations":[{"start":{"line":54,"column":8},"end":{"line":56,"column":null}},{"start":{"line":54,"column":8},"end":{"line":56,"column":null}}]},"11":{"loc":{"start":{"line":65,"column":49},"end":{"line":65,"column":51}},"type":"default-arg","locations":[{"start":{"line":65,"column":49},"end":{"line":65,"column":51}}]},"12":{"loc":{"start":{"line":66,"column":4},"end":{"line":68,"column":null}},"type":"if","locations":[{"start":{"line":66,"column":4},"end":{"line":68,"column":null}},{"start":{"line":66,"column":4},"end":{"line":68,"column":null}}]},"13":{"loc":{"start":{"line":73,"column":8},"end":{"line":75,"column":null}},"type":"if","locations":[{"start":{"line":73,"column":8},"end":{"line":75,"column":null}},{"start":{"line":73,"column":8},"end":{"line":75,"column":null}}]},"14":{"loc":{"start":{"line":76,"column":48},"end":{"line":76,"column":58}},"type":"binary-expr","locations":[{"start":{"line":76,"column":48},"end":{"line":76,"column":58}},{"start":{"line":76,"column":62},"end":{"line":76,"column":64}}]}},"s":{"0":1,"1":75,"2":16,"3":59,"4":0,"5":59,"6":1,"7":59,"8":6,"9":59,"10":1,"11":59,"12":6,"13":53,"14":1,"15":25,"16":25,"17":25,"18":25,"19":25,"20":25,"21":1,"22":24,"23":61,"24":11,"25":11,"26":11,"27":50,"28":7,"29":43,"30":3,"31":14,"32":1,"33":9,"34":4,"35":5,"36":5,"37":5,"38":9,"39":9,"40":3,"41":6,"42":5},"f":{"0":75,"1":59,"2":59,"3":25,"4":9},"b":{"0":[16,59],"1":[75,69],"2":[0,59],"3":[6,53],"4":[6,53],"5":[1,24],"6":[25,4],"7":[11,50],"8":[61,12],"9":[7,43],"10":[3,40],"11":[1],"12":[4,5],"13":[3,6],"14":[6,2]}}
,"/Users/alshdavid/Development/alshdavid/crayon/src/router/group.ts": {"path":"/Users/alshdavid/Development/alshdavid/crayon/src/router/group.ts","statementMap":{"0":{"start":{"line":8,"column":15},"end":{"line":8,"column":27}},"1":{"start":{"line":4,"column":4},"end":{"line":4,"column":null}},"2":{"start":{"line":5,"column":4},"end":{"line":5,"column":null}},"3":{"start":{"line":12,"column":8},"end":{"line":12,"column":null}},"4":{"start":{"line":16,"column":8},"end":{"line":16,"column":null}},"5":{"start":{"line":3,"column":0},"end":{"line":3,"column":13}},"6":{"start":{"line":20,"column":13},"end":{"line":24,"column":null}},"7":{"start":{"line":21,"column":18},"end":{"line":21,"column":33}},"8":{"start":{"line":22,"column":4},"end":{"line":22,"column":null}},"9":{"start":{"line":23,"column":4},"end":{"line":23,"column":null}}},"fnMap":{"0":{"name":"(anonymous_0)","decl":{"start":{"line":7,"column":4},"end":{"line":7,"column":null}},"loc":{"start":{"line":8,"column":27},"end":{"line":9,"column":8}}},"1":{"name":"(anonymous_1)","decl":{"start":{"line":11,"column":4},"end":{"line":11,"column":8}},"loc":{"start":{"line":11,"column":49},"end":{"line":13,"column":5}}},"2":{"name":"(anonymous_2)","decl":{"start":{"line":15,"column":4},"end":{"line":15,"column":7}},"loc":{"start":{"line":15,"column":28},"end":{"line":17,"column":5}}},"3":{"name":"(anonymous_3)","decl":{"start":{"line":20,"column":21},"end":{"line":20,"column":22}},"loc":{"start":{"line":20,"column":80},"end":{"line":24,"column":1}}}},"branchMap":{"0":{"loc":{"start":{"line":22,"column":4},"end":{"line":22,"column":12}},"type":"binary-expr","locations":[{"start":{"line":22,"column":4},"end":{"line":22,"column":12}},{"start":{"line":22,"column":16},"end":{"line":22,"column":31}}]}},"s":{"0":0,"1":0,"2":0,"3":0,"4":0,"5":0,"6":0,"7":0,"8":0,"9":0},"f":{"0":0,"1":0,"2":0,"3":0},"b":{"0":[0,0]}}
,"/Users/alshdavid/Development/alshdavid/crayon/src/router/history.ts": {"path":"/Users/alshdavid/Development/alshdavid/crayon/src/router/history.ts","statementMap":{"0":{"start":{"line":1,"column":0},"end":{"line":1,"column":46}},"1":{"start":{"line":2,"column":0},"end":{"line":2,"column":38}},"2":{"start":{"line":4,"column":0},"end":{"line":4,"column":null}},"3":{"start":{"line":5,"column":4},"end":{"line":5,"column":null}},"4":{"start":{"line":6,"column":4},"end":{"line":6,"column":null}},"5":{"start":{"line":7,"column":4},"end":{"line":7,"column":null}},"6":{"start":{"line":8,"column":4},"end":{"line":8,"column":null}},"7":{"start":{"line":18,"column":4},"end":{"line":18,"column":null}},"8":{"start":{"line":19,"column":4},"end":{"line":19,"column":null}},"9":{"start":{"line":20,"column":4},"end":{"line":20,"column":null}},"10":{"start":{"line":22,"column":4},"end":{"line":35,"column":null}},"11":{"start":{"line":23,"column":21},"end":{"line":23,"column":45}},"12":{"start":{"line":24,"column":8},"end":{"line":34,"column":null}},"13":{"start":{"line":25,"column":26},"end":{"line":25,"column":97}},"14":{"start":{"line":26,"column":12},"end":{"line":26,"column":null}},"15":{"start":{"line":27,"column":12},"end":{"line":27,"column":null}},"16":{"start":{"line":28,"column":12},"end":{"line":28,"column":null}},"17":{"start":{"line":30,"column":26},"end":{"line":30,"column":90}},"18":{"start":{"line":31,"column":12},"end":{"line":31,"column":null}},"19":{"start":{"line":32,"column":12},"end":{"line":32,"column":null}},"20":{"start":{"line":33,"column":12},"end":{"line":33,"column":null}},"21":{"start":{"line":46,"column":8},"end":{"line":46,"column":null}},"22":{"start":{"line":38,"column":8},"end":{"line":38,"column":null}},"23":{"start":{"line":42,"column":8},"end":{"line":42,"column":null}},"24":{"start":{"line":50,"column":8},"end":{"line":50,"column":null}},"25":{"start":{"line":54,"column":8},"end":{"line":54,"column":null}},"26":{"start":{"line":55,"column":8},"end":{"line":55,"column":null}},"27":{"start":{"line":56,"column":22},"end":{"line":56,"column":83}},"28":{"start":{"line":57,"column":8},"end":{"line":57,"column":null}},"29":{"start":{"line":58,"column":8},"end":{"line":58,"column":null}},"30":{"start":{"line":59,"column":8},"end":{"line":59,"column":null}},"31":{"start":{"line":63,"column":8},"end":{"line":63,"column":null}},"32":{"start":{"line":67,"column":8},"end":{"line":67,"column":null}},"33":{"start":{"line":68,"column":8},"end":{"line":68,"column":null}},"34":{"start":{"line":69,"column":8},"end":{"line":69,"column":null}},"35":{"start":{"line":70,"column":8},"end":{"line":70,"column":null}},"36":{"start":{"line":17,"column":0},"end":{"line":17,"column":13}}},"fnMap":{"0":{"name":"(anonymous_1)","decl":{"start":{"line":4,"column":0},"end":{"line":4,"column":12}},"loc":{"start":{"line":4,"column":23},"end":{"line":9,"column":1}}},"1":{"name":"(anonymous_2)","decl":{"start":{"line":45,"column":4},"end":{"line":45,"column":null}},"loc":{"start":{"line":45,"column":4},"end":{"line":47,"column":5}}},"2":{"name":"(anonymous_3)","decl":{"start":{"line":22,"column":12},"end":{"line":22,"column":15}},"loc":{"start":{"line":22,"column":17},"end":{"line":35,"column":5}}},"3":{"name":"(anonymous_4)","decl":{"start":{"line":37,"column":4},"end":{"line":37,"column":8}},"loc":{"start":{"line":37,"column":17},"end":{"line":39,"column":5}}},"4":{"name":"(anonymous_5)","decl":{"start":{"line":41,"column":4},"end":{"line":41,"column":8}},"loc":{"start":{"line":41,"column":20},"end":{"line":43,"column":5}}},"5":{"name":"(anonymous_6)","decl":{"start":{"line":49,"column":4},"end":{"line":49,"column":11}},"loc":{"start":{"line":49,"column":11},"end":{"line":51,"column":5}}},"6":{"name":"(anonymous_7)","decl":{"start":{"line":53,"column":4},"end":{"line":53,"column":8}},"loc":{"start":{"line":53,"column":21},"end":{"line":60,"column":5}}},"7":{"name":"(anonymous_8)","decl":{"start":{"line":62,"column":4},"end":{"line":62,"column":7}},"loc":{"start":{"line":62,"column":7},"end":{"line":64,"column":5}}},"8":{"name":"(anonymous_9)","decl":{"start":{"line":66,"column":4},"end":{"line":66,"column":11}},"loc":{"start":{"line":66,"column":24},"end":{"line":71,"column":5}}}},"branchMap":{"0":{"loc":{"start":{"line":4,"column":12},"end":{"line":4,"column":23}},"type":"binary-expr","locations":[{"start":{"line":4,"column":12},"end":{"line":4,"column":23}},{"start":{"line":4,"column":12},"end":{"line":4,"column":null}}]},"1":{"loc":{"start":{"line":24,"column":8},"end":{"line":34,"column":null}},"type":"if","locations":[{"start":{"line":24,"column":8},"end":{"line":34,"column":null}},{"start":{"line":24,"column":8},"end":{"line":34,"column":null}}]}},"s":{"0":0,"1":0,"2":0,"3":0,"4":0,"5":0,"6":0,"7":0,"8":0,"9":0,"10":0,"11":0,"12":0,"13":0,"14":0,"15":0,"16":0,"17":0,"18":0,"19":0,"20":0,"21":0,"22":0,"23":0,"24":0,"25":0,"26":0,"27":0,"28":0,"29":0,"30":0,"31":0,"32":0,"33":0,"34":0,"35":0,"36":0},"f":{"0":0,"1":0,"2":0,"3":0,"4":0,"5":0,"6":0,"7":0,"8":0},"b":{"0":[0,0],"1":[0,0]}}
,"/Users/alshdavid/Development/alshdavid/crayon/src/router/request.ts": {"path":"/Users/alshdavid/Development/alshdavid/crayon/src/router/request.ts","statementMap":{"0":{"start":{"line":2,"column":4},"end":{"line":2,"column":null}},"1":{"start":{"line":3,"column":4},"end":{"line":3,"column":null}},"2":{"start":{"line":4,"column":4},"end":{"line":4,"column":null}},"3":{"start":{"line":5,"column":4},"end":{"line":5,"column":null}},"4":{"start":{"line":6,"column":4},"end":{"line":6,"column":null}},"5":{"start":{"line":7,"column":4},"end":{"line":7,"column":null}},"6":{"start":{"line":8,"column":4},"end":{"line":8,"column":null}},"7":{"start":{"line":9,"column":4},"end":{"line":9,"column":null}},"8":{"start":{"line":10,"column":4},"end":{"line":10,"column":null}},"9":{"start":{"line":11,"column":4},"end":{"line":11,"column":null}},"10":{"start":{"line":12,"column":4},"end":{"line":12,"column":null}},"11":{"start":{"line":13,"column":4},"end":{"line":13,"column":null}},"12":{"start":{"line":1,"column":0},"end":{"line":1,"column":13}}},"fnMap":{"0":{"name":"(anonymous_0)","decl":{"start":{"line":1,"column":0},"end":{"line":1,"column":13}},"loc":{"start":{"line":1,"column":0},"end":{"line":14,"column":1}}}},"branchMap":{},"s":{"0":0,"1":0,"2":0,"3":0,"4":0,"5":0,"6":0,"7":0,"8":0,"9":0,"10":0,"11":0,"12":0},"f":{"0":0},"b":{}}
,"/Users/alshdavid/Development/alshdavid/crayon/src/router/response.ts": {"path":"/Users/alshdavid/Development/alshdavid/crayon/src/router/response.ts","statementMap":{"0":{"start":{"line":2,"column":4},"end":{"line":2,"column":null}},"1":{"start":{"line":3,"column":4},"end":{"line":3,"column":null}},"2":{"start":{"line":7,"column":8},"end":{"line":7,"column":null}},"3":{"start":{"line":11,"column":8},"end":{"line":11,"column":null}},"4":{"start":{"line":15,"column":8},"end":{"line":15,"column":null}},"5":{"start":{"line":16,"column":8},"end":{"line":16,"column":null}},"6":{"start":{"line":20,"column":8},"end":{"line":20,"column":null}},"7":{"start":{"line":21,"column":8},"end":{"line":21,"column":null}},"8":{"start":{"line":25,"column":8},"end":{"line":25,"column":null}},"9":{"start":{"line":26,"column":8},"end":{"line":26,"column":null}},"10":{"start":{"line":1,"column":0},"end":{"line":1,"column":13}}},"fnMap":{"0":{"name":"(anonymous_0)","decl":{"start":{"line":1,"column":0},"end":{"line":1,"column":13}},"loc":{"start":{"line":1,"column":0},"end":{"line":28,"column":1}}},"1":{"name":"(anonymous_1)","decl":{"start":{"line":6,"column":4},"end":{"line":6,"column":11}},"loc":{"start":{"line":6,"column":40},"end":{"line":8,"column":5}}},"2":{"name":"(anonymous_2)","decl":{"start":{"line":10,"column":4},"end":{"line":10,"column":7}},"loc":{"start":{"line":10,"column":7},"end":{"line":12,"column":5}}},"3":{"name":"(anonymous_3)","decl":{"start":{"line":14,"column":4},"end":{"line":14,"column":11}},"loc":{"start":{"line":14,"column":24},"end":{"line":17,"column":5}}},"4":{"name":"(anonymous_4)","decl":{"start":{"line":19,"column":4},"end":{"line":19,"column":9}},"loc":{"start":{"line":19,"column":22},"end":{"line":22,"column":5}}},"5":{"name":"(anonymous_5)","decl":{"start":{"line":24,"column":4},"end":{"line":24,"column":12}},"loc":{"start":{"line":24,"column":25},"end":{"line":27,"column":5}}}},"branchMap":{},"s":{"0":0,"1":0,"2":0,"3":0,"4":0,"5":0,"6":0,"7":0,"8":0,"9":0,"10":0},"f":{"0":0,"1":0,"2":0,"3":0,"4":0,"5":0},"b":{}}
,"/Users/alshdavid/Development/alshdavid/crayon/src/router/router.ts": {"path":"/Users/alshdavid/Development/alshdavid/crayon/src/router/router.ts","statementMap":{"0":{"start":{"line":1,"column":0},"end":{"line":1,"column":46}},"1":{"start":{"line":2,"column":0},"end":{"line":2,"column":38}},"2":{"start":{"line":3,"column":0},"end":{"line":3,"column":51}},"3":{"start":{"line":4,"column":0},"end":{"line":4,"column":67}},"4":{"start":{"line":5,"column":0},"end":{"line":5,"column":35}},"5":{"start":{"line":6,"column":0},"end":{"line":6,"column":37}},"6":{"start":{"line":7,"column":0},"end":{"line":7,"column":31}},"7":{"start":{"line":9,"column":0},"end":{"line":9,"column":61}},"8":{"start":{"line":22,"column":15},"end":{"line":22,"column":39}},"9":{"start":{"line":23,"column":15},"end":{"line":23,"column":25}},"10":{"start":{"line":12,"column":4},"end":{"line":12,"column":null}},"11":{"start":{"line":13,"column":4},"end":{"line":13,"column":null}},"12":{"start":{"line":14,"column":4},"end":{"line":14,"column":null}},"13":{"start":{"line":15,"column":4},"end":{"line":15,"column":null}},"14":{"start":{"line":18,"column":4},"end":{"line":18,"column":null}},"15":{"start":{"line":19,"column":4},"end":{"line":19,"column":null}},"16":{"start":{"line":25,"column":8},"end":{"line":25,"column":null}},"17":{"start":{"line":26,"column":8},"end":{"line":26,"column":null}},"18":{"start":{"line":28,"column":8},"end":{"line":35,"column":null}},"19":{"start":{"line":30,"column":16},"end":{"line":33,"column":null}},"20":{"start":{"line":34,"column":16},"end":{"line":34,"column":null}},"21":{"start":{"line":39,"column":8},"end":{"line":39,"column":null}},"22":{"start":{"line":40,"column":8},"end":{"line":40,"column":null}},"23":{"start":{"line":41,"column":8},"end":{"line":41,"column":null}},"24":{"start":{"line":41,"column":34},"end":{"line":41,"column":51}},"25":{"start":{"line":45,"column":8},"end":{"line":45,"column":null}},"26":{"start":{"line":49,"column":8},"end":{"line":54,"column":null}},"27":{"start":{"line":50,"column":12},"end":{"line":50,"column":null}},"28":{"start":{"line":51,"column":12},"end":{"line":51,"column":null}},"29":{"start":{"line":53,"column":12},"end":{"line":53,"column":null}},"30":{"start":{"line":58,"column":8},"end":{"line":64,"column":null}},"31":{"start":{"line":59,"column":25},"end":{"line":59,"column":58}},"32":{"start":{"line":60,"column":12},"end":{"line":63,"column":null}},"33":{"start":{"line":68,"column":8},"end":{"line":68,"column":null}},"34":{"start":{"line":72,"column":8},"end":{"line":74,"column":null}},"35":{"start":{"line":73,"column":12},"end":{"line":73,"column":18}},"36":{"start":{"line":75,"column":8},"end":{"line":75,"column":null}},"37":{"start":{"line":79,"column":8},"end":{"line":81,"column":null}},"38":{"start":{"line":80,"column":12},"end":{"line":80,"column":18}},"39":{"start":{"line":82,"column":8},"end":{"line":82,"column":null}},"40":{"start":{"line":88,"column":8},"end":{"line":88,"column":null}},"41":{"start":{"line":89,"column":8},"end":{"line":89,"column":null}},"42":{"start":{"line":90,"column":20},"end":{"line":90,"column":33}},"43":{"start":{"line":91,"column":20},"end":{"line":91,"column":34}},"44":{"start":{"line":94,"column":8},"end":{"line":99,"column":null}},"45":{"start":{"line":95,"column":12},"end":{"line":95,"column":null}},"46":{"start":{"line":96,"column":12},"end":{"line":96,"column":null}},"47":{"start":{"line":97,"column":12},"end":{"line":97,"column":null}},"48":{"start":{"line":98,"column":12},"end":{"line":98,"column":null}},"49":{"start":{"line":102,"column":38},"end":{"line":102,"column":40}},"50":{"start":{"line":103,"column":8},"end":{"line":125,"column":null}},"51":{"start":{"line":104,"column":27},"end":{"line":104,"column":59}},"52":{"start":{"line":105,"column":12},"end":{"line":107,"column":null}},"53":{"start":{"line":106,"column":16},"end":{"line":106,"column":24}},"54":{"start":{"line":111,"column":12},"end":{"line":115,"column":null}},"55":{"start":{"line":112,"column":16},"end":{"line":112,"column":null}},"56":{"start":{"line":113,"column":16},"end":{"line":113,"column":null}},"57":{"start":{"line":114,"column":16},"end":{"line":114,"column":22}},"58":{"start":{"line":116,"column":12},"end":{"line":116,"column":null}},"59":{"start":{"line":117,"column":12},"end":{"line":117,"column":null}},"60":{"start":{"line":118,"column":12},"end":{"line":118,"column":null}},"61":{"start":{"line":119,"column":12},"end":{"line":119,"column":null}},"62":{"start":{"line":123,"column":12},"end":{"line":123,"column":null}},"63":{"start":{"line":124,"column":12},"end":{"line":124,"column":18}},"64":{"start":{"line":126,"column":8},"end":{"line":130,"column":null}},"65":{"start":{"line":127,"column":12},"end":{"line":127,"column":null}},"66":{"start":{"line":128,"column":12},"end":{"line":128,"column":null}},"67":{"start":{"line":129,"column":12},"end":{"line":129,"column":18}},"68":{"start":{"line":134,"column":8},"end":{"line":134,"column":null}},"69":{"start":{"line":135,"column":8},"end":{"line":135,"column":null}},"70":{"start":{"line":136,"column":8},"end":{"line":136,"column":null}},"71":{"start":{"line":137,"column":8},"end":{"line":137,"column":null}},"72":{"start":{"line":138,"column":8},"end":{"line":138,"column":null}},"73":{"start":{"line":142,"column":8},"end":{"line":147,"column":null}},"74":{"start":{"line":143,"column":12},"end":{"line":145,"column":null}},"75":{"start":{"line":144,"column":16},"end":{"line":144,"column":21}},"76":{"start":{"line":146,"column":12},"end":{"line":146,"column":null}},"77":{"start":{"line":151,"column":8},"end":{"line":163,"column":null}},"78":{"start":{"line":152,"column":12},"end":{"line":157,"column":null}},"79":{"start":{"line":153,"column":16},"end":{"line":153,"column":null}},"80":{"start":{"line":154,"column":16},"end":{"line":154,"column":null}},"81":{"start":{"line":155,"column":16},"end":{"line":155,"column":null}},"82":{"start":{"line":156,"column":16},"end":{"line":156,"column":22}},"83":{"start":{"line":158,"column":12},"end":{"line":158,"column":null}},"84":{"start":{"line":159,"column":27},"end":{"line":159,"column":59}},"85":{"start":{"line":160,"column":12},"end":{"line":160,"column":null}},"86":{"start":{"line":161,"column":12},"end":{"line":161,"column":null}},"87":{"start":{"line":162,"column":12},"end":{"line":162,"column":null}},"88":{"start":{"line":11,"column":0},"end":{"line":11,"column":13}},"89":{"start":{"line":167,"column":13},"end":{"line":175,"column":null}},"90":{"start":{"line":170,"column":24},"end":{"line":170,"column":40}},"91":{"start":{"line":171,"column":4},"end":{"line":174,"column":null}}},"fnMap":{"0":{"name":"(anonymous_7)","decl":{"start":{"line":21,"column":4},"end":{"line":21,"column":null}},"loc":{"start":{"line":23,"column":25},"end":{"line":36,"column":5}}},"1":{"name":"(anonymous_8)","decl":{"start":{"line":29,"column":23},"end":{"line":29,"column":28}},"loc":{"start":{"line":29,"column":31},"end":{"line":35,"column":13}}},"2":{"name":"(anonymous_9)","decl":{"start":{"line":38,"column":4},"end":{"line":38,"column":11}},"loc":{"start":{"line":38,"column":11},"end":{"line":42,"column":5}}},"3":{"name":"(anonymous_10)","decl":{"start":{"line":41,"column":27},"end":{"line":41,"column":30}},"loc":{"start":{"line":41,"column":34},"end":{"line":41,"column":51}}},"4":{"name":"(anonymous_11)","decl":{"start":{"line":44,"column":4},"end":{"line":44,"column":8}},"loc":{"start":{"line":44,"column":49},"end":{"line":46,"column":5}}},"5":{"name":"(anonymous_12)","decl":{"start":{"line":48,"column":4},"end":{"line":48,"column":7}},"loc":{"start":{"line":48,"column":35},"end":{"line":55,"column":5}}},"6":{"name":"(anonymous_13)","decl":{"start":{"line":57,"column":4},"end":{"line":57,"column":12}},"loc":{"start":{"line":57,"column":25},"end":{"line":65,"column":5}}},"7":{"name":"(anonymous_14)","decl":{"start":{"line":67,"column":4},"end":{"line":67,"column":14}},"loc":{"start":{"line":67,"column":35},"end":{"line":69,"column":5}}},"8":{"name":"(anonymous_15)","decl":{"start":{"line":71,"column":10},"end":{"line":71,"column":18}},"loc":{"start":{"line":71,"column":31},"end":{"line":76,"column":null}}},"9":{"name":"(anonymous_17)","decl":{"start":{"line":78,"column":10},"end":{"line":78,"column":14}},"loc":{"start":{"line":78,"column":14},"end":{"line":83,"column":null}}},"10":{"name":"(anonymous_19)","decl":{"start":{"line":87,"column":10},"end":{"line":87,"column":14}},"loc":{"start":{"line":87,"column":14},"end":{"line":139,"column":null}}},"11":{"name":"(anonymous_21)","decl":{"start":{"line":94,"column":23},"end":{"line":94,"column":24}},"loc":{"start":{"line":94,"column":40},"end":{"line":99,"column":9}}},"12":{"name":"(anonymous_22)","decl":{"start":{"line":141,"column":18},"end":{"line":141,"column":29}},"loc":{"start":{"line":141,"column":82},"end":{"line":148,"column":null}}},"13":{"name":"(anonymous_24)","decl":{"start":{"line":150,"column":12},"end":{"line":150,"column":27}},"loc":{"start":{"line":150,"column":68},"end":{"line":164,"column":5}}},"14":{"name":"(anonymous_25)","decl":{"start":{"line":151,"column":46},"end":{"line":151,"column":51}},"loc":{"start":{"line":151,"column":54},"end":{"line":163,"column":9}}},"15":{"name":"(anonymous_26)","decl":{"start":{"line":167,"column":22},"end":{"line":167,"column":null}},"loc":{"start":{"line":169,"column":4},"end":{"line":175,"column":1}}}},"branchMap":{"0":{"loc":{"start":{"line":49,"column":8},"end":{"line":54,"column":null}},"type":"if","locations":[{"start":{"line":49,"column":8},"end":{"line":54,"column":null}},{"start":{"line":49,"column":8},"end":{"line":54,"column":null}}]},"1":{"loc":{"start":{"line":72,"column":8},"end":{"line":74,"column":null}},"type":"if","locations":[{"start":{"line":72,"column":8},"end":{"line":74,"column":null}},{"start":{"line":72,"column":8},"end":{"line":74,"column":null}}]},"2":{"loc":{"start":{"line":79,"column":8},"end":{"line":81,"column":null}},"type":"if","locations":[{"start":{"line":79,"column":8},"end":{"line":81,"column":null}},{"start":{"line":79,"column":8},"end":{"line":81,"column":null}}]},"3":{"loc":{"start":{"line":105,"column":12},"end":{"line":107,"column":null}},"type":"if","locations":[{"start":{"line":105,"column":12},"end":{"line":107,"column":null}},{"start":{"line":105,"column":12},"end":{"line":107,"column":null}}]},"4":{"loc":{"start":{"line":111,"column":12},"end":{"line":115,"column":null}},"type":"if","locations":[{"start":{"line":111,"column":12},"end":{"line":115,"column":null}},{"start":{"line":111,"column":12},"end":{"line":115,"column":null}}]},"5":{"loc":{"start":{"line":126,"column":8},"end":{"line":130,"column":null}},"type":"if","locations":[{"start":{"line":126,"column":8},"end":{"line":130,"column":null}},{"start":{"line":126,"column":8},"end":{"line":130,"column":null}}]},"6":{"loc":{"start":{"line":143,"column":12},"end":{"line":145,"column":null}},"type":"if","locations":[{"start":{"line":143,"column":12},"end":{"line":145,"column":null}},{"start":{"line":143,"column":12},"end":{"line":145,"column":null}}]},"7":{"loc":{"start":{"line":152,"column":12},"end":{"line":157,"column":null}},"type":"if","locations":[{"start":{"line":152,"column":12},"end":{"line":157,"column":null}},{"start":{"line":152,"column":12},"end":{"line":157,"column":null}}]},"8":{"loc":{"start":{"line":155,"column":16},"end":{"line":155,"column":31}},"type":"binary-expr","locations":[{"start":{"line":155,"column":16},"end":{"line":155,"column":31}},{"start":{"line":155,"column":35},"end":{"line":155,"column":52}}]},"9":{"loc":{"start":{"line":168,"column":9},"end":{"line":168,"column":31}},"type":"default-arg","locations":[{"start":{"line":168,"column":9},"end":{"line":168,"column":31}}]}},"s":{"0":0,"1":0,"2":0,"3":0,"4":0,"5":0,"6":0,"7":0,"8":0,"9":0,"10":0,"11":0,"12":0,"13":0,"14":0,"15":0,"16":0,"17":0,"18":0,"19":0,"20":0,"21":0,"22":0,"23":0,"24":0,"25":0,"26":0,"27":0,"28":0,"29":0,"30":0,"31":0,"32":0,"33":0,"34":0,"35":0,"36":0,"37":0,"38":0,"39":0,"40":0,"41":0,"42":0,"43":0,"44":0,"45":0,"46":0,"47":0,"48":0,"49":0,"50":0,"51":0,"52":0,"53":0,"54":0,"55":0,"56":0,"57":0,"58":0,"59":0,"60":0,"61":0,"62":0,"63":0,"64":0,"65":0,"66":0,"67":0,"68":0,"69":0,"70":0,"71":0,"72":0,"73":0,"74":0,"75":0,"76":0,"77":0,"78":0,"79":0,"80":0,"81":0,"82":0,"83":0,"84":0,"85":0,"86":0,"87":0,"88":0,"89":0,"90":0,"91":0},"f":{"0":0,"1":0,"2":0,"3":0,"4":0,"5":0,"6":0,"7":0,"8":0,"9":0,"10":0,"11":0,"12":0,"13":0,"14":0,"15":0},"b":{"0":[0,0],"1":[0,0],"2":[0,0],"3":[0,0],"4":[0,0],"5":[0,0],"6":[0,0],"7":[0,0],"8":[0,0],"9":[0]}}
,"/Users/alshdavid/Development/alshdavid/crayon/src/router/shared-state.ts": {"path":"/Users/alshdavid/Development/alshdavid/crayon/src/router/shared-state.ts","statementMap":{"0":{"start":{"line":2,"column":0},"end":{"line":2,"column":35}},"1":{"start":{"line":8,"column":15},"end":{"line":8,"column":31}},"2":{"start":{"line":5,"column":4},"end":{"line":5,"column":null}},"3":{"start":{"line":12,"column":8},"end":{"line":12,"column":null}},"4":{"start":{"line":16,"column":8},"end":{"line":16,"column":null}},"5":{"start":{"line":17,"column":8},"end":{"line":19,"column":null}},"6":{"start":{"line":18,"column":12},"end":{"line":18,"column":18}},"7":{"start":{"line":20,"column":8},"end":{"line":20,"column":null}},"8":{"start":{"line":4,"column":0},"end":{"line":4,"column":13}},"9":{"start":{"line":24,"column":13},"end":{"line":33,"column":null}},"10":{"start":{"line":25,"column":4},"end":{"line":31,"column":null}},"11":{"start":{"line":26,"column":24},"end":{"line":26,"column":37}},"12":{"start":{"line":27,"column":28},"end":{"line":28,"column":null}},"13":{"start":{"line":30,"column":10},"end":{"line":30,"column":null}},"14":{"start":{"line":32,"column":4},"end":{"line":32,"column":null}}},"fnMap":{"0":{"name":"(anonymous_0)","decl":{"start":{"line":7,"column":4},"end":{"line":7,"column":null}},"loc":{"start":{"line":8,"column":31},"end":{"line":9,"column":8}}},"1":{"name":"(anonymous_1)","decl":{"start":{"line":11,"column":4},"end":{"line":11,"column":13}},"loc":{"start":{"line":11,"column":28},"end":{"line":13,"column":5}}},"2":{"name":"(anonymous_2)","decl":{"start":{"line":15,"column":4},"end":{"line":15,"column":16}},"loc":{"start":{"line":15,"column":31},"end":{"line":21,"column":5}}},"3":{"name":"(anonymous_3)","decl":{"start":{"line":24,"column":30},"end":{"line":24,"column":46}},"loc":{"start":{"line":24,"column":48},"end":{"line":33,"column":1}}}},"branchMap":{"0":{"loc":{"start":{"line":17,"column":8},"end":{"line":19,"column":null}},"type":"if","locations":[{"start":{"line":17,"column":8},"end":{"line":19,"column":null}},{"start":{"line":17,"column":8},"end":{"line":19,"column":null}}]},"1":{"loc":{"start":{"line":25,"column":4},"end":{"line":31,"column":null}},"type":"if","locations":[{"start":{"line":25,"column":4},"end":{"line":31,"column":null}},{"start":{"line":25,"column":4},"end":{"line":31,"column":null}}]}},"s":{"0":0,"1":0,"2":0,"3":0,"4":0,"5":0,"6":0,"7":0,"8":0,"9":0,"10":0,"11":0,"12":0,"13":0,"14":0},"f":{"0":0,"1":0,"2":0,"3":0},"b":{"0":[0,0],"1":[0,0]}}
,"/Users/alshdavid/Development/alshdavid/crayon/src/router/types.ts": {"path":"/Users/alshdavid/Development/alshdavid/crayon/src/router/types.ts","statementMap":{"0":{"start":{"line":19,"column":0},"end":{"line":19,"column":null}},"1":{"start":{"line":20,"column":4},"end":{"line":20,"column":null}},"2":{"start":{"line":21,"column":4},"end":{"line":21,"column":null}},"3":{"start":{"line":22,"column":4},"end":{"line":22,"column":null}},"4":{"start":{"line":23,"column":4},"end":{"line":23,"column":null}},"5":{"start":{"line":24,"column":4},"end":{"line":24,"column":null}}},"fnMap":{"0":{"name":"(anonymous_0)","decl":{"start":{"line":19,"column":0},"end":{"line":19,"column":12}},"loc":{"start":{"line":19,"column":27},"end":{"line":26,"column":1}}}},"branchMap":{"0":{"loc":{"start":{"line":19,"column":12},"end":{"line":19,"column":27}},"type":"binary-expr","locations":[{"start":{"line":19,"column":12},"end":{"line":19,"column":27}},{"start":{"line":19,"column":12},"end":{"line":19,"column":null}}]}},"s":{"0":0,"1":0,"2":0,"3":0,"4":0,"5":0},"f":{"0":0},"b":{"0":[0,0]}}
,"/Users/alshdavid/Development/alshdavid/crayon/src/transition/animate.ts": {"path":"/Users/alshdavid/Development/alshdavid/crayon/src/transition/animate.ts","statementMap":{"0":{"start":{"line":1,"column":0},"end":{"line":1,"column":48}},"1":{"start":{"line":2,"column":0},"end":{"line":2,"column":38}},"2":{"start":{"line":6,"column":4},"end":{"line":6,"column":null}},"3":{"start":{"line":7,"column":4},"end":{"line":7,"column":null}},"4":{"start":{"line":5,"column":0},"end":{"line":5,"column":13}},"5":{"start":{"line":16,"column":15},"end":{"line":16,"column":22}},"6":{"start":{"line":17,"column":15},"end":{"line":17,"column":26}},"7":{"start":{"line":18,"column":15},"end":{"line":18,"column":34}},"8":{"start":{"line":19,"column":15},"end":{"line":19,"column":34}},"9":{"start":{"line":13,"column":4},"end":{"line":13,"column":null}},"10":{"start":{"line":21,"column":8},"end":{"line":23,"column":null}},"11":{"start":{"line":22,"column":12},"end":{"line":22,"column":null}},"12":{"start":{"line":12,"column":0},"end":{"line":12,"column":13}},"13":{"start":{"line":35,"column":13},"end":{"line":132,"column":null}},"14":{"start":{"line":35,"column":86},"end":{"line":132,"column":1}},"15":{"start":{"line":41,"column":4},"end":{"line":44,"column":null}},"16":{"start":{"line":42,"column":8},"end":{"line":42,"column":null}},"17":{"start":{"line":43,"column":10},"end":{"line":43,"column":null}},"18":{"start":{"line":45,"column":4},"end":{"line":77,"column":null}},"19":{"start":{"line":46,"column":8},"end":{"line":48,"column":null}},"20":{"start":{"line":47,"column":12},"end":{"line":47,"column":null}},"21":{"start":{"line":49,"column":8},"end":{"line":51,"column":null}},"22":{"start":{"line":50,"column":12},"end":{"line":50,"column":null}},"23":{"start":{"line":52,"column":8},"end":{"line":54,"column":null}},"24":{"start":{"line":53,"column":12},"end":{"line":53,"column":null}},"25":{"start":{"line":55,"column":8},"end":{"line":57,"column":null}},"26":{"start":{"line":56,"column":12},"end":{"line":56,"column":null}},"27":{"start":{"line":58,"column":8},"end":{"line":63,"column":null}},"28":{"start":{"line":59,"column":12},"end":{"line":62,"column":null}},"29":{"start":{"line":65,"column":8},"end":{"line":72,"column":null}},"30":{"start":{"line":66,"column":12},"end":{"line":68,"column":null}},"31":{"start":{"line":67,"column":16},"end":{"line":67,"column":null}},"32":{"start":{"line":69,"column":12},"end":{"line":71,"column":null}},"33":{"start":{"line":70,"column":16},"end":{"line":70,"column":null}},"34":{"start":{"line":73,"column":8},"end":{"line":76,"column":null}},"35":{"start":{"line":79,"column":17},"end":{"line":79,"column":19}},"36":{"start":{"line":80,"column":15},"end":{"line":80,"column":17}},"37":{"start":{"line":81,"column":15},"end":{"line":81,"column":35}},"38":{"start":{"line":82,"column":19},"end":{"line":82,"column":43}},"39":{"start":{"line":84,"column":4},"end":{"line":112,"column":null}},"40":{"start":{"line":85,"column":26},"end":{"line":85,"column":36}},"41":{"start":{"line":86,"column":24},"end":{"line":86,"column":32}},"42":{"start":{"line":88,"column":8},"end":{"line":95,"column":null}},"43":{"start":{"line":89,"column":12},"end":{"line":91,"column":null}},"44":{"start":{"line":90,"column":16},"end":{"line":90,"column":null}},"45":{"start":{"line":92,"column":12},"end":{"line":94,"column":null}},"46":{"start":{"line":93,"column":16},"end":{"line":93,"column":null}},"47":{"start":{"line":96,"column":8},"end":{"line":103,"column":null}},"48":{"start":{"line":97,"column":12},"end":{"line":99,"column":null}},"49":{"start":{"line":98,"column":16},"end":{"line":98,"column":null}},"50":{"start":{"line":100,"column":12},"end":{"line":102,"column":null}},"51":{"start":{"line":101,"column":16},"end":{"line":101,"column":null}},"52":{"start":{"line":104,"column":8},"end":{"line":111,"column":null}},"53":{"start":{"line":105,"column":12},"end":{"line":107,"column":null}},"54":{"start":{"line":106,"column":16},"end":{"line":106,"column":null}},"55":{"start":{"line":108,"column":12},"end":{"line":110,"column":null}},"56":{"start":{"line":109,"column":16},"end":{"line":109,"column":null}},"57":{"start":{"line":114,"column":4},"end":{"line":126,"column":null}},"58":{"start":{"line":115,"column":26},"end":{"line":115,"column":36}},"59":{"start":{"line":116,"column":24},"end":{"line":116,"column":32}},"60":{"start":{"line":118,"column":8},"end":{"line":125,"column":null}},"61":{"start":{"line":119,"column":12},"end":{"line":121,"column":null}},"62":{"start":{"line":120,"column":16},"end":{"line":120,"column":null}},"63":{"start":{"line":122,"column":12},"end":{"line":124,"column":null}},"64":{"start":{"line":123,"column":16},"end":{"line":123,"column":null}},"65":{"start":{"line":128,"column":4},"end":{"line":131,"column":null}},"66":{"start":{"line":135,"column":13},"end":{"line":139,"column":null}},"67":{"start":{"line":135,"column":44},"end":{"line":139,"column":2}},"68":{"start":{"line":136,"column":29},"end":{"line":138,"column":6}},"69":{"start":{"line":137,"column":29},"end":{"line":137,"column":47}},"70":{"start":{"line":141,"column":13},"end":{"line":154,"column":null}},"71":{"start":{"line":145,"column":4},"end":{"line":152,"column":null}},"72":{"start":{"line":146,"column":8},"end":{"line":151,"column":null}},"73":{"start":{"line":150,"column":12},"end":{"line":150,"column":null}},"74":{"start":{"line":153,"column":4},"end":{"line":153,"column":null}},"75":{"start":{"line":156,"column":13},"end":{"line":172,"column":null}},"76":{"start":{"line":160,"column":22},"end":{"line":160,"column":24}},"77":{"start":{"line":161,"column":4},"end":{"line":170,"column":null}},"78":{"start":{"line":162,"column":8},"end":{"line":168,"column":null}},"79":{"start":{"line":166,"column":12},"end":{"line":166,"column":null}},"80":{"start":{"line":167,"column":12},"end":{"line":167,"column":20}},"81":{"start":{"line":169,"column":8},"end":{"line":169,"column":null}},"82":{"start":{"line":171,"column":4},"end":{"line":171,"column":null}},"83":{"start":{"line":174,"column":13},"end":{"line":187,"column":null}},"84":{"start":{"line":178,"column":4},"end":{"line":178,"column":null}},"85":{"start":{"line":179,"column":4},"end":{"line":179,"column":null}},"86":{"start":{"line":180,"column":22},"end":{"line":180,"column":33}},"87":{"start":{"line":181,"column":21},"end":{"line":181,"column":51}},"88":{"start":{"line":182,"column":4},"end":{"line":185,"column":null}},"89":{"start":{"line":183,"column":8},"end":{"line":183,"column":null}},"90":{"start":{"line":184,"column":8},"end":{"line":184,"column":null}},"91":{"start":{"line":186,"column":4},"end":{"line":186,"column":null}},"92":{"start":{"line":189,"column":13},"end":{"line":198,"column":null}},"93":{"start":{"line":193,"column":38},"end":{"line":193,"column":49}},"94":{"start":{"line":194,"column":4},"end":{"line":196,"column":null}},"95":{"start":{"line":195,"column":8},"end":{"line":195,"column":null}},"96":{"start":{"line":197,"column":4},"end":{"line":197,"column":null}}},"fnMap":{"0":{"name":"(anonymous_1)","decl":{"start":{"line":5,"column":0},"end":{"line":5,"column":13}},"loc":{"start":{"line":5,"column":0},"end":{"line":10,"column":1}}},"1":{"name":"(anonymous_2)","decl":{"start":{"line":15,"column":4},"end":{"line":15,"column":null}},"loc":{"start":{"line":19,"column":38},"end":{"line":24,"column":5}}},"2":{"name":"(anonymous_3)","decl":{"start":{"line":35,"column":23},"end":{"line":35,"column":24}},"loc":{"start":{"line":35,"column":86},"end":{"line":132,"column":1}}},"3":{"name":"(anonymous_4)","decl":{"start":{"line":35,"column":86},"end":{"line":35,"column":null}},"loc":{"start":{"line":40,"column":4},"end":{"line":132,"column":1}}},"4":{"name":"(anonymous_5)","decl":{"start":{"line":135,"column":25},"end":{"line":135,"column":26}},"loc":{"start":{"line":135,"column":44},"end":{"line":139,"column":2}}},"5":{"name":"(anonymous_6)","decl":{"start":{"line":136,"column":10},"end":{"line":136,"column":11}},"loc":{"start":{"line":136,"column":29},"end":{"line":138,"column":6}}},"6":{"name":"(anonymous_7)","decl":{"start":{"line":137,"column":12},"end":{"line":137,"column":13}},"loc":{"start":{"line":137,"column":29},"end":{"line":137,"column":47}}},"7":{"name":"(anonymous_8)","decl":{"start":{"line":141,"column":25},"end":{"line":141,"column":null}},"loc":{"start":{"line":144,"column":4},"end":{"line":154,"column":1}}},"8":{"name":"(anonymous_9)","decl":{"start":{"line":156,"column":27},"end":{"line":156,"column":null}},"loc":{"start":{"line":159,"column":4},"end":{"line":172,"column":1}}},"9":{"name":"(anonymous_10)","decl":{"start":{"line":174,"column":24},"end":{"line":174,"column":null}},"loc":{"start":{"line":177,"column":4},"end":{"line":187,"column":1}}},"10":{"name":"(anonymous_11)","decl":{"start":{"line":189,"column":25},"end":{"line":189,"column":null}},"loc":{"start":{"line":192,"column":4},"end":{"line":198,"column":1}}}},"branchMap":{"0":{"loc":{"start":{"line":16,"column":22},"end":{"line":16,"column":36}},"type":"default-arg","locations":[{"start":{"line":16,"column":22},"end":{"line":16,"column":36}}]},"1":{"loc":{"start":{"line":17,"column":26},"end":{"line":17,"column":27}},"type":"default-arg","locations":[{"start":{"line":17,"column":26},"end":{"line":17,"column":27}}]},"2":{"loc":{"start":{"line":18,"column":34},"end":{"line":18,"column":39}},"type":"default-arg","locations":[{"start":{"line":18,"column":34},"end":{"line":18,"column":39}}]},"3":{"loc":{"start":{"line":19,"column":34},"end":{"line":19,"column":38}},"type":"default-arg","locations":[{"start":{"line":19,"column":34},"end":{"line":19,"column":38}}]},"4":{"loc":{"start":{"line":21,"column":8},"end":{"line":23,"column":null}},"type":"if","locations":[{"start":{"line":21,"column":8},"end":{"line":23,"column":null}},{"start":{"line":21,"column":8},"end":{"line":23,"column":null}}]},"5":{"loc":{"start":{"line":41,"column":4},"end":{"line":44,"column":null}},"type":"if","locations":[{"start":{"line":41,"column":4},"end":{"line":44,"column":null}},{"start":{"line":41,"column":4},"end":{"line":44,"column":null}}]},"6":{"loc":{"start":{"line":45,"column":4},"end":{"line":77,"column":null}},"type":"if","locations":[{"start":{"line":45,"column":4},"end":{"line":77,"column":null}},{"start":{"line":45,"column":4},"end":{"line":77,"column":null}}]},"7":{"loc":{"start":{"line":46,"column":8},"end":{"line":48,"column":null}},"type":"if","locations":[{"start":{"line":46,"column":8},"end":{"line":48,"column":null}},{"start":{"line":46,"column":8},"end":{"line":48,"column":null}}]},"8":{"loc":{"start":{"line":49,"column":8},"end":{"line":51,"column":null}},"type":"if","locations":[{"start":{"line":49,"column":8},"end":{"line":51,"column":null}},{"start":{"line":49,"column":8},"end":{"line":51,"column":null}}]},"9":{"loc":{"start":{"line":52,"column":8},"end":{"line":54,"column":null}},"type":"if","locations":[{"start":{"line":52,"column":8},"end":{"line":54,"column":null}},{"start":{"line":52,"column":8},"end":{"line":54,"column":null}}]},"10":{"loc":{"start":{"line":55,"column":8},"end":{"line":57,"column":null}},"type":"if","locations":[{"start":{"line":55,"column":8},"end":{"line":57,"column":null}},{"start":{"line":55,"column":8},"end":{"line":57,"column":null}}]},"11":{"loc":{"start":{"line":58,"column":8},"end":{"line":63,"column":null}},"type":"if","locations":[{"start":{"line":58,"column":8},"end":{"line":63,"column":null}},{"start":{"line":58,"column":8},"end":{"line":63,"column":null}}]},"12":{"loc":{"start":{"line":66,"column":12},"end":{"line":68,"column":null}},"type":"if","locations":[{"start":{"line":66,"column":12},"end":{"line":68,"column":null}},{"start":{"line":66,"column":12},"end":{"line":68,"column":null}}]},"13":{"loc":{"start":{"line":69,"column":12},"end":{"line":71,"column":null}},"type":"if","locations":[{"start":{"line":69,"column":12},"end":{"line":71,"column":null}},{"start":{"line":69,"column":12},"end":{"line":71,"column":null}}]},"14":{"loc":{"start":{"line":88,"column":8},"end":{"line":95,"column":null}},"type":"if","locations":[{"start":{"line":88,"column":8},"end":{"line":95,"column":null}},{"start":{"line":88,"column":8},"end":{"line":95,"column":null}}]},"15":{"loc":{"start":{"line":88,"column":12},"end":{"line":88,"column":31}},"type":"binary-expr","locations":[{"start":{"line":88,"column":12},"end":{"line":88,"column":31}},{"start":{"line":88,"column":35},"end":{"line":88,"column":52}}]},"16":{"loc":{"start":{"line":89,"column":12},"end":{"line":91,"column":null}},"type":"if","locations":[{"start":{"line":89,"column":12},"end":{"line":91,"column":null}},{"start":{"line":89,"column":12},"end":{"line":91,"column":null}}]},"17":{"loc":{"start":{"line":92,"column":12},"end":{"line":94,"column":null}},"type":"if","locations":[{"start":{"line":92,"column":12},"end":{"line":94,"column":null}},{"start":{"line":92,"column":12},"end":{"line":94,"column":null}}]},"18":{"loc":{"start":{"line":96,"column":8},"end":{"line":103,"column":null}},"type":"if","locations":[{"start":{"line":96,"column":8},"end":{"line":103,"column":null}},{"start":{"line":96,"column":8},"end":{"line":103,"column":null}}]},"19":{"loc":{"start":{"line":96,"column":12},"end":{"line":96,"column":31}},"type":"binary-expr","locations":[{"start":{"line":96,"column":12},"end":{"line":96,"column":31}},{"start":{"line":96,"column":35},"end":{"line":96,"column":49}}]},"20":{"loc":{"start":{"line":97,"column":12},"end":{"line":99,"column":null}},"type":"if","locations":[{"start":{"line":97,"column":12},"end":{"line":99,"column":null}},{"start":{"line":97,"column":12},"end":{"line":99,"column":null}}]},"21":{"loc":{"start":{"line":100,"column":12},"end":{"line":102,"column":null}},"type":"if","locations":[{"start":{"line":100,"column":12},"end":{"line":102,"column":null}},{"start":{"line":100,"column":12},"end":{"line":102,"column":null}}]},"22":{"loc":{"start":{"line":104,"column":8},"end":{"line":111,"column":null}},"type":"if","locations":[{"start":{"line":104,"column":8},"end":{"line":111,"column":null}},{"start":{"line":104,"column":8},"end":{"line":111,"column":null}}]},"23":{"loc":{"start":{"line":104,"column":12},"end":{"line":104,"column":29}},"type":"binary-expr","locations":[{"start":{"line":104,"column":12},"end":{"line":104,"column":29}},{"start":{"line":104,"column":33},"end":{"line":104,"column":51}}]},"24":{"loc":{"start":{"line":105,"column":12},"end":{"line":107,"column":null}},"type":"if","locations":[{"start":{"line":105,"column":12},"end":{"line":107,"column":null}},{"start":{"line":105,"column":12},"end":{"line":107,"column":null}}]},"25":{"loc":{"start":{"line":108,"column":12},"end":{"line":110,"column":null}},"type":"if","locations":[{"start":{"line":108,"column":12},"end":{"line":110,"column":null}},{"start":{"line":108,"column":12},"end":{"line":110,"column":null}}]},"26":{"loc":{"start":{"line":118,"column":8},"end":{"line":125,"column":null}},"type":"if","locations":[{"start":{"line":118,"column":8},"end":{"line":125,"column":null}},{"start":{"line":118,"column":8},"end":{"line":125,"column":null}}]},"27":{"loc":{"start":{"line":118,"column":12},"end":{"line":118,"column":30}},"type":"binary-expr","locations":[{"start":{"line":118,"column":12},"end":{"line":118,"column":30}},{"start":{"line":118,"column":34},"end":{"line":118,"column":48}}]},"28":{"loc":{"start":{"line":119,"column":12},"end":{"line":121,"column":null}},"type":"if","locations":[{"start":{"line":119,"column":12},"end":{"line":121,"column":null}},{"start":{"line":119,"column":12},"end":{"line":121,"column":null}}]},"29":{"loc":{"start":{"line":122,"column":12},"end":{"line":124,"column":null}},"type":"if","locations":[{"start":{"line":122,"column":12},"end":{"line":124,"column":null}},{"start":{"line":122,"column":12},"end":{"line":124,"column":null}}]},"30":{"loc":{"start":{"line":146,"column":8},"end":{"line":151,"column":null}},"type":"if","locations":[{"start":{"line":146,"column":8},"end":{"line":151,"column":null}},{"start":{"line":146,"column":8},"end":{"line":151,"column":null}}]},"31":{"loc":{"start":{"line":147,"column":12},"end":{"line":147,"column":35}},"type":"binary-expr","locations":[{"start":{"line":147,"column":12},"end":{"line":147,"column":35}},{"start":{"line":148,"column":12},"end":{"line":148,"column":39}}]},"32":{"loc":{"start":{"line":162,"column":8},"end":{"line":168,"column":null}},"type":"if","locations":[{"start":{"line":162,"column":8},"end":{"line":168,"column":null}},{"start":{"line":162,"column":8},"end":{"line":168,"column":null}}]},"33":{"loc":{"start":{"line":163,"column":12},"end":{"line":163,"column":35}},"type":"binary-expr","locations":[{"start":{"line":163,"column":12},"end":{"line":163,"column":35}},{"start":{"line":164,"column":12},"end":{"line":164,"column":39}}]},"34":{"loc":{"start":{"line":182,"column":4},"end":{"line":185,"column":null}},"type":"if","locations":[{"start":{"line":182,"column":4},"end":{"line":185,"column":null}},{"start":{"line":182,"column":4},"end":{"line":185,"column":null}}]}},"s":{"0":0,"1":0,"2":0,"3":0,"4":0,"5":0,"6":0,"7":0,"8":0,"9":0,"10":0,"11":0,"12":0,"13":0,"14":0,"15":0,"16":0,"17":0,"18":0,"19":0,"20":0,"21":0,"22":0,"23":0,"24":0,"25":0,"26":0,"27":0,"28":0,"29":0,"30":0,"31":0,"32":0,"33":0,"34":0,"35":0,"36":0,"37":0,"38":0,"39":0,"40":0,"41":0,"42":0,"43":0,"44":0,"45":0,"46":0,"47":0,"48":0,"49":0,"50":0,"51":0,"52":0,"53":0,"54":0,"55":0,"56":0,"57":0,"58":0,"59":0,"60":0,"61":0,"62":0,"63":0,"64":0,"65":0,"66":0,"67":0,"68":0,"69":0,"70":0,"71":0,"72":0,"73":0,"74":0,"75":0,"76":0,"77":0,"78":0,"79":0,"80":0,"81":0,"82":0,"83":0,"84":0,"85":0,"86":0,"87":0,"88":0,"89":0,"90":0,"91":0,"92":0,"93":0,"94":0,"95":0,"96":0},"f":{"0":0,"1":0,"2":0,"3":0,"4":0,"5":0,"6":0,"7":0,"8":0,"9":0,"10":0},"b":{"0":[0],"1":[0],"2":[0],"3":[0],"4":[0,0],"5":[0,0],"6":[0,0],"7":[0,0],"8":[0,0],"9":[0,0],"10":[0,0],"11":[0,0],"12":[0,0],"13":[0,0],"14":[0,0],"15":[0,0],"16":[0,0],"17":[0,0],"18":[0,0],"19":[0,0],"20":[0,0],"21":[0,0],"22":[0,0],"23":[0,0],"24":[0,0],"25":[0,0],"26":[0,0],"27":[0,0],"28":[0,0],"29":[0,0],"30":[0,0],"31":[0,0],"32":[0,0],"33":[0,0],"34":[0,0]}}
,"/Users/alshdavid/Development/alshdavid/crayon/src/transition/body.ts": {"path":"/Users/alshdavid/Development/alshdavid/crayon/src/transition/body.ts","statementMap":{"0":{"start":{"line":1,"column":13},"end":{"line":8,"column":null}},"1":{"start":{"line":1,"column":42},"end":{"line":8,"column":null}}},"fnMap":{"0":{"name":"(anonymous_0)","decl":{"start":{"line":1,"column":20},"end":{"line":1,"column":21}},"loc":{"start":{"line":1,"column":42},"end":{"line":8,"column":null}}}},"branchMap":{},"s":{"0":0,"1":0},"f":{"0":0},"b":{}}
,"/Users/alshdavid/Development/alshdavid/crayon/src/transition/fade.ts": {"path":"/Users/alshdavid/Development/alshdavid/crayon/src/transition/fade.ts","statementMap":{"0":{"start":{"line":1,"column":13},"end":{"line":27,"column":null}},"1":{"start":{"line":1,"column":42},"end":{"line":27,"column":null}}},"fnMap":{"0":{"name":"(anonymous_0)","decl":{"start":{"line":1,"column":20},"end":{"line":1,"column":21}},"loc":{"start":{"line":1,"column":42},"end":{"line":27,"column":null}}}},"branchMap":{},"s":{"0":0,"1":0},"f":{"0":0},"b":{}}
,"/Users/alshdavid/Development/alshdavid/crayon/src/transition/loader.ts": {"path":"/Users/alshdavid/Development/alshdavid/crayon/src/transition/loader.ts","statementMap":{"0":{"start":{"line":2,"column":0},"end":{"line":2,"column":37}},"1":{"start":{"line":3,"column":0},"end":{"line":3,"column":35}},"2":{"start":{"line":4,"column":0},"end":{"line":4,"column":33}},"3":{"start":{"line":5,"column":0},"end":{"line":5,"column":34}},"4":{"start":{"line":6,"column":0},"end":{"line":6,"column":30}},"5":{"start":{"line":8,"column":13},"end":{"line":17,"column":null}},"6":{"start":{"line":9,"column":14},"end":{"line":9,"column":45}},"7":{"start":{"line":10,"column":4},"end":{"line":10,"column":null}},"8":{"start":{"line":11,"column":4},"end":{"line":11,"column":null}},"9":{"start":{"line":12,"column":4},"end":{"line":12,"column":null}},"10":{"start":{"line":13,"column":4},"end":{"line":13,"column":null}},"11":{"start":{"line":14,"column":4},"end":{"line":14,"column":null}},"12":{"start":{"line":15,"column":4},"end":{"line":15,"column":null}},"13":{"start":{"line":16,"column":4},"end":{"line":16,"column":null}},"14":{"start":{"line":16,"column":32},"end":{"line":16,"column":36}},"15":{"start":{"line":19,"column":13},"end":{"line":19,"column":null}},"16":{"start":{"line":20,"column":13},"end":{"line":20,"column":null}},"17":{"start":{"line":21,"column":13},"end":{"line":21,"column":null}},"18":{"start":{"line":22,"column":13},"end":{"line":22,"column":null}},"19":{"start":{"line":23,"column":13},"end":{"line":23,"column":null}},"20":{"start":{"line":24,"column":13},"end":{"line":24,"column":null}},"21":{"start":{"line":25,"column":13},"end":{"line":25,"column":null}},"22":{"start":{"line":26,"column":13},"end":{"line":26,"column":null}},"23":{"start":{"line":27,"column":13},"end":{"line":27,"column":null}},"24":{"start":{"line":28,"column":13},"end":{"line":28,"column":null}},"25":{"start":{"line":29,"column":13},"end":{"line":29,"column":null}},"26":{"start":{"line":30,"column":13},"end":{"line":30,"column":null}},"27":{"start":{"line":31,"column":13},"end":{"line":31,"column":null}}},"fnMap":{"0":{"name":"(anonymous_1)","decl":{"start":{"line":8,"column":22},"end":{"line":8,"column":23}},"loc":{"start":{"line":8,"column":64},"end":{"line":17,"column":1}}},"1":{"name":"(anonymous_2)","decl":{"start":{"line":16,"column":11},"end":{"line":16,"column":12}},"loc":{"start":{"line":16,"column":32},"end":{"line":16,"column":36}}}},"branchMap":{"0":{"loc":{"start":{"line":8,"column":33},"end":{"line":8,"column":47}},"type":"default-arg","locations":[{"start":{"line":8,"column":33},"end":{"line":8,"column":47}}]}},"s":{"0":0,"1":0,"2":0,"3":0,"4":0,"5":0,"6":0,"7":0,"8":0,"9":0,"10":0,"11":0,"12":0,"13":0,"14":0,"15":0,"16":0,"17":0,"18":0,"19":0,"20":0,"21":0,"22":0,"23":0,"24":0,"25":0,"26":0,"27":0},"f":{"0":0,"1":0},"b":{"0":[0]}}
,"/Users/alshdavid/Development/alshdavid/crayon/src/transition/pop.ts": {"path":"/Users/alshdavid/Development/alshdavid/crayon/src/transition/pop.ts","statementMap":{"0":{"start":{"line":1,"column":13},"end":{"line":70,"column":null}},"1":{"start":{"line":1,"column":41},"end":{"line":70,"column":null}}},"fnMap":{"0":{"name":"(anonymous_0)","decl":{"start":{"line":1,"column":19},"end":{"line":1,"column":20}},"loc":{"start":{"line":1,"column":41},"end":{"line":70,"column":null}}}},"branchMap":{},"s":{"0":0,"1":0},"f":{"0":0},"b":{}}
,"/Users/alshdavid/Development/alshdavid/crayon/src/transition/push.ts": {"path":"/Users/alshdavid/Development/alshdavid/crayon/src/transition/push.ts","statementMap":{"0":{"start":{"line":1,"column":13},"end":{"line":70,"column":null}},"1":{"start":{"line":1,"column":42},"end":{"line":70,"column":null}}},"fnMap":{"0":{"name":"(anonymous_0)","decl":{"start":{"line":1,"column":20},"end":{"line":1,"column":21}},"loc":{"start":{"line":1,"column":42},"end":{"line":70,"column":null}}}},"branchMap":{},"s":{"0":0,"1":0},"f":{"0":0},"b":{}}
,"/Users/alshdavid/Development/alshdavid/crayon/src/transition/slide.ts": {"path":"/Users/alshdavid/Development/alshdavid/crayon/src/transition/slide.ts","statementMap":{"0":{"start":{"line":1,"column":13},"end":{"line":82,"column":null}},"1":{"start":{"line":1,"column":43},"end":{"line":82,"column":null}}},"fnMap":{"0":{"name":"(anonymous_0)","decl":{"start":{"line":1,"column":21},"end":{"line":1,"column":22}},"loc":{"start":{"line":1,"column":43},"end":{"line":82,"column":null}}}},"branchMap":{},"s":{"0":0,"1":0},"f":{"0":0},"b":{}}
}
